#
# A fatal error has been detected by the Java Runtime Environment:
#
#  EXCEPTION_ACCESS_VIOLATION (0xc0000005) at pc=0x00007ffe8570d65a, pid=7352, tid=23460
#
# JRE version: OpenJDK Runtime Environment (17.0.2+8) (build 17.0.2+8-86)
# Java VM: OpenJDK 64-Bit Server VM (17.0.2+8-86, mixed mode, sharing, tiered, compressed oops, compressed class ptrs, g1 gc, windows-amd64)
# Problematic frame:
# V  [jvm.dll+0x73d65a]
#
# No core dump will be written. Minidumps are not enabled by default on client versions of Windows
#
# If you would like to submit a bug report, please visit:
#   https://bugreport.java.com/bugreport/crash.jsp
#

---------------  S U M M A R Y ------------

Command Line: -agentlib:jdwp=transport=dt_socket,server=n,suspend=y,address=localhost:49598 --module-path=/openjdk/javafx/javafx-sdk-17.0.7/lib --add-modules=javafx.controls,javafx.fxml -XX:+ShowCodeDetailsInExceptionMessages org.martincorp.Interface.LoginUI

Host: Intel(R) Core(TM) i7-8750H CPU @ 2.20GHz, 12 cores, 19G,  Windows 11 , 64 bit Build 22621 (10.0.22621.2070)
Time: Fri Sep  1 16:44:59 2023 Hora de verano romance elapsed time: 209.048052 seconds (0d 0h 3m 29s)

---------------  T H R E A D  ---------------

Current thread (0x0000019d7880d910):  JavaThread "JDWP Transport Listener: dt_socket" daemon [_thread_in_vm, id=23460, stack(0x00000063b4500000,0x00000063b4600000)]

Stack: [0x00000063b4500000,0x00000063b4600000],  sp=0x00000063b45ff270,  free space=1020k
Native frames: (J=compiled Java code, j=interpreted, Vv=VM code, C=native code)
V  [jvm.dll+0x73d65a]
V  [jvm.dll+0x504e0c]
V  [jvm.dll+0x4d0634]
C  [jdwp.dll+0x22e9f]


siginfo: EXCEPTION_ACCESS_VIOLATION (0xc0000005), reading address 0x0000000000100043


Register to memory mapping:

RIP=0x00007ffe8570d65a jvm.dll
RAX=0x000000000000003e is an unknown value
RBX=0x0000019d77b9ead0 points into unknown readable memory: 0x616c2f6176616a4c | 4c 6a 61 76 61 2f 6c 61
RCX=0x000000000010003f is an unknown value
RDX=0x0000019d7de750d0 points into unknown readable memory: 0x72616d2f67726f4c | 4c 6f 72 67 2f 6d 61 72
RSP=0x00000063b45ff270 is pointing into the stack for thread: 0x0000019d7880d910
RBP=0x0000019d789752b0 points into unknown readable memory: 0x0043005000000002 | 02 00 00 00 50 00 43 00
RSI=0x0 is NULL
RDI=0xffffffffffffffff is an unknown value
R8 =0x00000000000000b3 is an unknown value
R9 =0x0000000000000040 is an unknown value
R10=0x0000000000000080 is an unknown value
R11=0x00000063b45ff290 is pointing into the stack for thread: 0x0000019d7880d910
R12=0x00000063b45ff3c8 is pointing into the stack for thread: 0x0000019d7880d910
R13=0x0 is NULL
R14=0x0000000800f7a868 is a pointer to class: 
org.martincorp.Interface.SettingsController$1 {0x0000000800f7a870}
 - instance size:     2
 - klass size:        70
 - access:            synchronized 
 - state:             fully_initialized
 - name:              'org/martincorp/Interface/SettingsController$1'
 - super:             'java/lang/Object'
 - sub:               
 - arrays:            NULL
 - methods:           Array<T>(0x0000019d7faf1488)
 - method ordering:   Array<T>(0x0000019d7faf1700)
 - default_methods:   Array<T>(0x0000000000000000)
 - local interfaces:  Array<T>(0x0000019d7fa170f8)
 - trans. interfaces: Array<T>(0x0000019d7fa17360)
 - constants:         constant pool [68] {0x0000019d7faefd30} for 'org/martincorp/Interface/SettingsController$1' cache=0x0000019d7faf1c68
 - class loader data:  loader data: 0x0000019d7876d470 for instance a 'jdk/internal/loader/ClassLoaders$AppClassLoader'{0x00000006c1e2bf50}
 - source file:       'SettingsController.java'
 - class annotations:       Array<T>(0x0000000000000000)
 - class type annotations:  Array<T>(0x0000000000000000)
 - field annotations:       Array<T>(0x0000000000000000)
 - field type annotations:  Array<T>(0x0000000000000000)
 - previous version:  constant pool [66] {0x0000019d7fa16e60} for 'org/martincorp/Interface/SettingsController$1' (extra) cache=0x0000019d7fa17388
 - generic signature: '
[error occurred during error reporting (printing register info), id 0xc0000005, EXCEPTION_ACCESS_VIOLATION (0xc0000005) at pc=0x00007ffe8570e266]

Registers:
RAX=0x000000000000003e, RBX=0x0000019d77b9ead0, RCX=0x000000000010003f, RDX=0x0000019d7de750d0
RSP=0x00000063b45ff270, RBP=0x0000019d789752b0, RSI=0x0000000000000000, RDI=0xffffffffffffffff
R8 =0x00000000000000b3, R9 =0x0000000000000040, R10=0x0000000000000080, R11=0x00000063b45ff290
R12=0x00000063b45ff3c8, R13=0x0000000000000000, R14=0x0000000800f7a868, R15=0x00000063b45ff3f0
RIP=0x00007ffe8570d65a, EFLAGS=0x0000000000010202

Top of Stack: (sp=0x00000063b45ff270)
0x00000063b45ff270:   000000000000002d 0000000800f7a868
0x00000063b45ff280:   0000019d7e337610 00007ffee50cab01
0x00000063b45ff290:   ffffffffffffffff 00007ffe854d4e0c
0x00000063b45ff2a0:   0000019d77b9ead0 0000019d77b9eaa0
0x00000063b45ff2b0:   0000019d789752b0 00007ffe854d79dd
0x00000063b45ff2c0:   0000019d77b9ea60 00000000000003d8
0x00000063b45ff2d0:   0000019d77b9ea70 0000019d77b9ee48
0x00000063b45ff2e0:   000000000000b701 00000063b45ff3c8
0x00000063b45ff2f0:   0000000000000007 0000019d7880dbb8
0x00000063b45ff300:   00000006c3c67338 00007ffe854a0634
0x00000063b45ff310:   0000019d7880d910 00000063b45ff3f0
0x00000063b45ff320:   0000019d5247efb0 00000063b45ff3f0
0x00000063b45ff330:   0000019d7880d910 0000000000000000
0x00000063b45ff340:   0000000000000000 0000000000000000
0x00000063b45ff350:   0000019d788cfb00 00007ffecdb22e9f
0x00000063b45ff360:   00000063b45ff3e8 00007ffecdb31830 

Instructions: (pc=0x00007ffe8570d65a)
0x00007ffe8570d55a:   48 83 c4 20 5f e9 8c 75 96 ff cc cc cc cc cc cc
0x00007ffe8570d56a:   cc cc cc cc cc cc 48 89 5c 24 08 57 48 83 ec 20
0x00007ffe8570d57a:   83 fa 02 8d 42 06 b9 08 00 00 00 49 8b d8 0f 4e
0x00007ffe8570d58a:   c1 48 63 c8 48 83 c1 07 83 e1 f8 48 63 f9 49 8b
0x00007ffe8570d59a:   48 18 48 8b c7 48 f7 d0 48 3b c1 73 16 4c 8d 05
0x00007ffe8570d5aa:   8a 52 17 00 48 8b d7 48 8b cb e8 97 d8 96 ff 48
0x00007ffe8570d5ba:   8b 4b 18 48 8d 04 39 48 3b 43 20 76 18 45 33 c0
0x00007ffe8570d5ca:   48 8b d7 48 8b cb 48 8b 5c 24 30 48 83 c4 20 5f
0x00007ffe8570d5da:   e9 f1 d4 96 ff 48 89 43 18 48 8b c1 48 8b 5c 24
0x00007ffe8570d5ea:   30 48 83 c4 20 5f c3 cc cc cc cc cc cc cc cc cc
0x00007ffe8570d5fa:   cc cc cc cc cc cc 4c 8b d2 4c 8b d9 45 85 c0 7e
0x00007ffe8570d60a:   3c 44 0f b7 49 04 41 8d 40 ff 41 3b c1 44 0f 4c
0x00007ffe8570d61a:   c8 4d 63 c1 45 85 c9 7e 1f 48 8b c2 4c 2b da 49
0x00007ffe8570d62a:   8b d0 0f 1f 40 00 41 0f b6 4c 03 06 88 08 48 8d
0x00007ffe8570d63a:   40 01 48 83 ea 01 75 ee 43 c6 04 10 00 49 8b c2
0x00007ffe8570d64a:   c3 cc cc cc cc cc 48 89 5c 24 08 57 48 83 ec 20
0x00007ffe8570d65a:   0f b7 59 04 48 8b f9 33 d2 48 8d 4b 01 e8 44 96
0x00007ffe8570d66a:   f8 ff 0f b7 57 04 4c 8b c0 3b da 0f 42 d3 44 8b
0x00007ffe8570d67a:   ca 85 d2 74 39 48 2b f8 0f 1f 40 00 66 66 0f 1f
0x00007ffe8570d68a:   84 00 00 00 00 00 0f b6 4c 07 06 88 08 48 ff c0
0x00007ffe8570d69a:   48 8b c8 49 2b c8 49 3b c9 7c eb 42 c6 04 02 00
0x00007ffe8570d6aa:   49 8b c0 48 8b 5c 24 30 48 83 c4 20 5f c3 48 8b
0x00007ffe8570d6ba:   5c 24 30 c6 04 02 00 48 83 c4 20 5f c3 cc cc cc
0x00007ffe8570d6ca:   cc cc cc cc cc cc 4c 8b d1 45 85 c0 7e 6c 44 0f
0x00007ffe8570d6da:   b7 49 04 41 8d 40 ff 41 3b c1 44 0f 4c c8 4d 63
0x00007ffe8570d6ea:   d9 45 85 c9 7e 22 48 8b ca 4c 2b d2 4d 8b c3 0f
0x00007ffe8570d6fa:   1f 80 00 00 00 00 41 0f b6 44 0a 06 88 01 48 8d
0x00007ffe8570d70a:   49 01 49 83 e8 01 75 ee 41 c6 04 13 00 48 c7 c0
0x00007ffe8570d71a:   ff ff ff ff 66 90 48 ff c0 80 3c 02 00 75 f7 48
0x00007ffe8570d72a:   63 c8 85 c0 48 8b c2 7e 14 80 38 2f 75 03 c6 00
0x00007ffe8570d73a:   2e 48 ff c0 48 83 e9 01 75 ef 48 8b c2 c3 cc cc
0x00007ffe8570d74a:   cc cc cc cc cc cc 48 83 ec 28 e8 f7 fe ff ff 4c 


Stack slot to memory mapping:
stack at sp + 0 slots: 0x000000000000002d is an unknown value
stack at sp + 1 slots: 0x0000000800f7a868 is a pointer to class: 
org.martincorp.Interface.SettingsController$1 {0x0000000800f7a870}
 - instance size:     2
 - klass size:        70
 - access:            synchronized 
 - state:             fully_initialized
 - name:              'org/martincorp/Interface/SettingsController$1'
 - super:             'java/lang/Object'
 - sub:               
 - arrays:            NULL
 - methods:           Array<T>(0x0000019d7faf1488)
 - method ordering:   Array<T>(0x0000019d7faf1700)
 - default_methods:   Array<T>(0x0000000000000000)
 - local interfaces:  Array<T>(0x0000019d7fa170f8)
 - trans. interfaces: Array<T>(0x0000019d7fa17360)
 - constants:         constant pool [68] {0x0000019d7faefd30} for 'org/martincorp/Interface/SettingsController$1' cache=0x0000019d7faf1c68
 - class loader data:  loader data: 0x0000019d7876d470 for instance a 'jdk/internal/loader/ClassLoaders$AppClassLoader'{0x00000006c1e2bf50}
 - source file:       'SettingsController.java'
 - class annotations:       Array<T>(0x0000000000000000)
 - class type annotations:  Array<T>(0x0000000000000000)
 - field annotations:       Array<T>(0x0000000000000000)
 - field type annotations:  Array<T>(0x0000000000000000)
 - previous version:  constant pool [66] {0x0000019d7fa16e60} for 'org/martincorp/Interface/SettingsController$1' (extra) cache=0x0000019d7fa17388
 - generic signature: '
[error occurred during error reporting (inspecting top of stack), id 0xc0000005, EXCEPTION_ACCESS_VIOLATION (0xc0000005) at pc=0x00007ffe8570e266]


---------------  P R O C E S S  ---------------

Threads class SMR info:
_java_thread_list=0x0000019d7ddcf0b0, length=23, elements={
0x0000019d5248f720, 0x0000019d77b732f0, 0x0000019d77b73ea0, 0x0000019d77b8da80,
0x0000019d77b8e630, 0x0000019d77b91790, 0x0000019d77b93150, 0x0000019d77b94e20,
0x0000019d77b9a890, 0x0000019d77b9b930, 0x0000019d785a0cb0, 0x0000019d7880d910,
0x0000019d78aabab0, 0x0000019d789771a0, 0x0000019d78a64080, 0x0000019d78a253c0,
0x0000019d78b90bf0, 0x0000019d78b938b0, 0x0000019d78ce26c0, 0x0000019d78ce0890,
0x0000019d78e88350, 0x0000019d7dbd2180, 0x0000019d7dbd1cb0
}

Java Threads: ( => current thread )
  0x0000019d5248f720 JavaThread "main" [_thread_blocked, id=25780, stack(0x00000063b3200000,0x00000063b3300000)]
  0x0000019d77b732f0 JavaThread "Reference Handler" daemon [_thread_blocked, id=30052, stack(0x00000063b3900000,0x00000063b3a00000)]
  0x0000019d77b73ea0 JavaThread "Finalizer" daemon [_thread_blocked, id=24476, stack(0x00000063b3a00000,0x00000063b3b00000)]
  0x0000019d77b8da80 JavaThread "Signal Dispatcher" daemon [_thread_blocked, id=28688, stack(0x00000063b3b00000,0x00000063b3c00000)]
  0x0000019d77b8e630 JavaThread "Attach Listener" daemon [_thread_blocked, id=24084, stack(0x00000063b3c00000,0x00000063b3d00000)]
  0x0000019d77b91790 JavaThread "Service Thread" daemon [_thread_blocked, id=6100, stack(0x00000063b3d00000,0x00000063b3e00000)]
  0x0000019d77b93150 JavaThread "Monitor Deflation Thread" daemon [_thread_blocked, id=31208, stack(0x00000063b3e00000,0x00000063b3f00000)]
  0x0000019d77b94e20 JavaThread "C2 CompilerThread0" daemon [_thread_blocked, id=32892, stack(0x00000063b3f00000,0x00000063b4000000)]
  0x0000019d77b9a890 JavaThread "C1 CompilerThread0" daemon [_thread_blocked, id=10068, stack(0x00000063b4000000,0x00000063b4100000)]
  0x0000019d77b9b930 JavaThread "Sweeper thread" daemon [_thread_blocked, id=9628, stack(0x00000063b4100000,0x00000063b4200000)]
  0x0000019d785a0cb0 JavaThread "Common-Cleaner" daemon [_thread_blocked, id=6696, stack(0x00000063b4200000,0x00000063b4300000)]
=>0x0000019d7880d910 JavaThread "JDWP Transport Listener: dt_socket" daemon [_thread_in_vm, id=23460, stack(0x00000063b4500000,0x00000063b4600000)]
  0x0000019d78aabab0 JavaThread "JDWP Event Helper Thread" daemon [_thread_blocked, id=32084, stack(0x00000063b4600000,0x00000063b4700000)]
  0x0000019d789771a0 JavaThread "JDWP Command Reader" daemon [_thread_in_native, id=28204, stack(0x00000063b4700000,0x00000063b4800000)]
  0x0000019d78a64080 JavaThread "Notification Thread" daemon [_thread_blocked, id=17392, stack(0x00000063b4800000,0x00000063b4900000)]
  0x0000019d78a253c0 JavaThread "QuantumRenderer-0" daemon [_thread_blocked, id=31948, stack(0x00000063b4a00000,0x00000063b4b00000)]
  0x0000019d78b90bf0 JavaThread "InvokeLaterDispatcher" daemon [_thread_blocked, id=31112, stack(0x00000063b4300000,0x00000063b4400000)]
  0x0000019d78b938b0 JavaThread "JavaFX Application Thread" [_thread_in_Java, id=31068, stack(0x00000063b4400000,0x00000063b4500000)]
  0x0000019d78ce26c0 JavaThread "JavaFX-Launcher" [_thread_blocked, id=15272, stack(0x00000063b4f00000,0x00000063b5000000)]
  0x0000019d78ce0890 JavaThread "Thread-2" daemon [_thread_in_native, id=22616, stack(0x00000063b4e00000,0x00000063b4f00000)]
  0x0000019d78e88350 JavaThread "mysql-cj-abandoned-connection-cleanup" daemon [_thread_blocked, id=13620, stack(0x00000063b5700000,0x00000063b5800000)]
  0x0000019d7dbd2180 JavaThread "Prism Font Disposer" daemon [_thread_blocked, id=31992, stack(0x00000063b5f00000,0x00000063b6000000)]
  0x0000019d7dbd1cb0 JavaThread "Cleaner-0" daemon [_thread_blocked, id=25940, stack(0x00000063b6200000,0x00000063b6300000)]

Other Threads:
  0x0000019d77b6b460 VMThread "VM Thread" [stack: 0x00000063b3800000,0x00000063b3900000] [id=30416]
  0x0000019d5250b820 WatcherThread [stack: 0x00000063b4900000,0x00000063b4a00000] [id=30708]
  0x0000019d524e6c50 GCTaskThread "GC Thread#0" [stack: 0x00000063b3300000,0x00000063b3400000] [id=3624]
  0x0000019d78cf7be0 GCTaskThread "GC Thread#1" [stack: 0x00000063b5000000,0x00000063b5100000] [id=23908]
  0x0000019d78d86670 GCTaskThread "GC Thread#2" [stack: 0x00000063b5100000,0x00000063b5200000] [id=26904]
  0x0000019d78d80910 GCTaskThread "GC Thread#3" [stack: 0x00000063b5200000,0x00000063b5300000] [id=27272]
  0x0000019d78d80bc0 GCTaskThread "GC Thread#4" [stack: 0x00000063b5300000,0x00000063b5400000] [id=15528]
  0x0000019d78e65350 GCTaskThread "GC Thread#5" [stack: 0x00000063b5400000,0x00000063b5500000] [id=21260]
  0x0000019d78d81680 GCTaskThread "GC Thread#6" [stack: 0x00000063b5500000,0x00000063b5600000] [id=31008]
  0x0000019d0160d170 GCTaskThread "GC Thread#7" [stack: 0x00000063b5600000,0x00000063b5700000] [id=31740]
  0x0000019d01b80c30 GCTaskThread "GC Thread#8" [stack: 0x00000063b5800000,0x00000063b5900000] [id=25160]
  0x0000019d7e9a8210 GCTaskThread "GC Thread#9" [stack: 0x00000063b5900000,0x00000063b5a00000] [id=13192]
  0x0000019d524f1aa0 ConcurrentGCThread "G1 Main Marker" [stack: 0x00000063b3400000,0x00000063b3500000] [id=17760]
  0x0000019d524f2610 ConcurrentGCThread "G1 Conc#0" [stack: 0x00000063b3500000,0x00000063b3600000] [id=2540]
  0x0000019d7e26f6f0 ConcurrentGCThread "G1 Conc#1" [stack: 0x00000063b6000000,0x00000063b6100000] [id=10612]
  0x0000019d7e7808a0 ConcurrentGCThread "G1 Conc#2" [stack: 0x00000063b6100000,0x00000063b6200000] [id=32000]
  0x0000019d5254c8a0 ConcurrentGCThread "G1 Refine#0" [stack: 0x00000063b3600000,0x00000063b3700000] [id=25324]
  0x0000019d7e5e1550 ConcurrentGCThread "G1 Refine#1" [stack: 0x00000063b5a00000,0x00000063b5b00000] [id=32192]
  0x0000019d7dfa5ba0 ConcurrentGCThread "G1 Refine#2" [stack: 0x00000063b5b00000,0x00000063b5c00000] [id=13204]
  0x0000019d5254d160 ConcurrentGCThread "G1 Service" [stack: 0x00000063b3700000,0x00000063b3800000] [id=28384]

Threads with active compile tasks:

VM state: not at safepoint (normal execution)

VM Mutex/Monitor currently owned by a thread: None

Heap address: 0x00000006c1c00000, size: 5092 MB, Compressed Oops mode: Zero based, Oop shift amount: 3

CDS archive(s) mapped at: [0x0000000800000000-0x0000000800bc0000-0x0000000800bc0000), size 12320768, SharedBaseAddress: 0x0000000800000000, ArchiveRelocationMode: 0.
Compressed class space mapped at: 0x0000000800c00000-0x0000000840c00000, reserved size: 1073741824
Narrow klass base: 0x0000000800000000, Narrow klass shift: 0, Narrow klass range: 0x100000000

GC Precious Log:
 CPUs: 12 total, 12 available
 Memory: 20353M
 Large Page Support: Disabled
 NUMA Support: Disabled
 Compressed Oops: Enabled (Zero based)
 Heap Region Size: 4M
 Heap Min Capacity: 8M
 Heap Initial Capacity: 320M
 Heap Max Capacity: 5092M
 Pre-touch: Disabled
 Parallel Workers: 10
 Concurrent Workers: 3
 Concurrent Refinement Workers: 10
 Periodic GC: Disabled

Heap:
 garbage-first heap   total 77824K, used 48077K [0x00000006c1c00000, 0x0000000800000000)
  region size 4096K, 4 young (16384K), 1 survivors (4096K)
 Metaspace       used 26693K, committed 27008K, reserved 1073152K
  class space    used 3571K, committed 3712K, reserved 1048576K

Heap Regions: E=young(eden), S=young(survivor), O=old, HS=humongous(starts), HC=humongous(continues), CS=collection set, F=free, OA=open archive, CA=closed archive, TAMS=top-at-mark-start (previous, next)
|   0|0x00000006c1c00000, 0x00000006c2000000, 0x00000006c2000000|100%| O|  |TAMS 0x00000006c2000000, 0x00000006c1c00000| Untracked 
|   1|0x00000006c2000000, 0x00000006c2400000, 0x00000006c2400000|100%| O|  |TAMS 0x00000006c2400000, 0x00000006c2000000| Untracked 
|   2|0x00000006c2400000, 0x00000006c2400000, 0x00000006c2800000|  0%| F|  |TAMS 0x00000006c2400000, 0x00000006c2400000| Untracked 
|   3|0x00000006c2800000, 0x00000006c2800000, 0x00000006c2c00000|  0%| F|  |TAMS 0x00000006c2800000, 0x00000006c2800000| Untracked 
|   4|0x00000006c2c00000, 0x00000006c2c00000, 0x00000006c3000000|  0%| F|  |TAMS 0x00000006c2c00000, 0x00000006c2c00000| Untracked 
|   5|0x00000006c3000000, 0x00000006c3400000, 0x00000006c3400000|100%| O|  |TAMS 0x00000006c3400000, 0x00000006c3000000| Complete 
|   6|0x00000006c3400000, 0x00000006c36fbe00, 0x00000006c3800000| 74%| O|  |TAMS 0x00000006c36fbe00, 0x00000006c3400000| Untracked 
|   7|0x00000006c3800000, 0x00000006c3800000, 0x00000006c3c00000|  0%| F|  |TAMS 0x00000006c3800000, 0x00000006c3800000| Untracked 
|   8|0x00000006c3c00000, 0x00000006c3ff7870, 0x00000006c4000000| 99%| S|CS|TAMS 0x00000006c3c00000, 0x00000006c3c00000| Complete 
|   9|0x00000006c4000000, 0x00000006c4000000, 0x00000006c4400000|  0%| F|  |TAMS 0x00000006c4000000, 0x00000006c4000000| Untracked 
|  10|0x00000006c4400000, 0x00000006c4400000, 0x00000006c4800000|  0%| F|  |TAMS 0x00000006c4400000, 0x00000006c4400000| Untracked 
|  11|0x00000006c4800000, 0x00000006c4c00000, 0x00000006c4c00000|100%|HS|  |TAMS 0x00000006c4c00000, 0x00000006c4800000| Complete 
|  12|0x00000006c4c00000, 0x00000006c5000000, 0x00000006c5000000|100%|HC|  |TAMS 0x00000006c5000000, 0x00000006c4c00000| Complete 
|  13|0x00000006c5000000, 0x00000006c5400000, 0x00000006c5400000|100%|HC|  |TAMS 0x00000006c5400000, 0x00000006c5000000| Complete 
|  14|0x00000006c5400000, 0x00000006c5800000, 0x00000006c5800000|100%|HC|  |TAMS 0x00000006c5800000, 0x00000006c5400000| Complete 
|  15|0x00000006c5800000, 0x00000006c5c00000, 0x00000006c5c00000|100%|HC|  |TAMS 0x00000006c5c00000, 0x00000006c5800000| Complete 
|  16|0x00000006c5c00000, 0x00000006c5c311f0, 0x00000006c6000000|  4%| E|  |TAMS 0x00000006c5c00000, 0x00000006c5c00000| Complete 
|  76|0x00000006d4c00000, 0x00000006d5000000, 0x00000006d5000000|100%| E|CS|TAMS 0x00000006d4c00000, 0x00000006d4c00000| Complete 
|  79|0x00000006d5800000, 0x00000006d5c00000, 0x00000006d5c00000|100%| E|CS|TAMS 0x00000006d5800000, 0x00000006d5800000| Complete 

Card table byte_map: [0x0000019d69c30000,0x0000019d6a630000] _byte_map_base: 0x0000019d66622000

Marking Bits (Prev, Next): (CMBitMap*) 0x0000019d524e7260, (CMBitMap*) 0x0000019d524e72a0
 Prev Bits: [0x0000019d6b030000, 0x0000019d6ffc0000)
 Next Bits: [0x0000019d6ffc0000, 0x0000019d74f50000)

Polling page: 0x0000019d50400000

Metaspace:

Usage:
  Non-class:     22.58 MB used.
      Class:      3.49 MB used.
       Both:     26.07 MB used.

Virtual space:
  Non-class space:       24.00 MB reserved,      22.75 MB ( 95%) committed,  3 nodes.
      Class space:        1.00 GB reserved,       3.62 MB ( <1%) committed,  1 nodes.
             Both:        1.02 GB reserved,      26.38 MB (  3%) committed. 

Chunk freelists:
   Non-Class:  1.03 MB
       Class:  432.00 KB
        Both:  1.45 MB

MaxMetaspaceSize: unlimited
CompressedClassSpaceSize: 1.00 GB
Initial GC threshold: 21.00 MB
Current GC threshold: 42.62 MB
CDS: on
MetaspaceReclaimPolicy: balanced
 - commit_granule_bytes: 65536.
 - commit_granule_words: 8192.
 - virtual_space_node_default_size: 1048576.
 - enlarge_chunks_in_place: 1.
 - new_chunks_are_fully_committed: 0.
 - uncommit_free_chunks: 1.
 - use_allocation_guard: 0.
 - handle_deallocations: 1.


Internal statistics:

num_allocs_failed_limit: 3.
num_arena_births: 258.
num_arena_deaths: 0.
num_vsnodes_births: 4.
num_vsnodes_deaths: 0.
num_space_committed: 422.
num_space_uncommitted: 0.
num_chunks_returned_to_freelist: 3.
num_chunks_taken_from_freelist: 1035.
num_chunk_merges: 3.
num_chunk_splits: 717.
num_chunks_enlarged: 548.
num_purges: 0.
num_inconsistent_stats: 0.

CodeHeap 'non-profiled nmethods': size=120000Kb used=2116Kb max_used=2116Kb free=117883Kb
 bounds [0x0000019d617a0000, 0x0000019d61a10000, 0x0000019d68cd0000]
CodeHeap 'profiled nmethods': size=120000Kb used=9462Kb max_used=9462Kb free=110537Kb
 bounds [0x0000019d5a270000, 0x0000019d5abb0000, 0x0000019d617a0000]
CodeHeap 'non-nmethods': size=5760Kb used=1580Kb max_used=1647Kb free=4179Kb
 bounds [0x0000019d59cd0000, 0x0000019d59f40000, 0x0000019d5a270000]
 total_blobs=5266 nmethods=4375 adapters=803
 compilation: enabled
              stopped_count=0, restarted_count=0
 full_count=0

Compilation events (20 events):
Event: 131.825 Thread 0x0000019d77b9a890 nmethod 4368 0x0000019d5aba9090 code [0x0000019d5aba9240, 0x0000019d5aba9428]
Event: 131.826 Thread 0x0000019d77b94e20 nmethod 4371 0x0000019d619aca90 code [0x0000019d619acc00, 0x0000019d619acc78]
Event: 132.017 Thread 0x0000019d77b9a890 4373       3       com.sun.javafx.geom.Rectangle::reshape (22 bytes)
Event: 132.018 Thread 0x0000019d77b9a890 nmethod 4373 0x0000019d5aba9510 code [0x0000019d5aba96a0, 0x0000019d5aba97b8]
Event: 132.018 Thread 0x0000019d77b9a890 4374       1       javafx.scene.layout.Border::getStrokes (5 bytes)
Event: 132.019 Thread 0x0000019d77b9a890 nmethod 4374 0x0000019d619ad210 code [0x0000019d619ad3a0, 0x0000019d619ad478]
Event: 132.019 Thread 0x0000019d77b9a890 4375       3       com.sun.prism.impl.ps.BaseShaderGraphics::renderGeneralRoundedRect (388 bytes)
Event: 132.021 Thread 0x0000019d77b9a890 nmethod 4375 0x0000019d5aba9890 code [0x0000019d5aba9ac0, 0x0000019d5abaa878]
Event: 132.508 Thread 0x0000019d77b9a890 4376       3       com.sun.javafx.geom.Path2D::lineTo (78 bytes)
Event: 132.508 Thread 0x0000019d77b9a890 nmethod 4376 0x0000019d5abaac10 code [0x0000019d5abaadc0, 0x0000019d5abab008]
Event: 133.116 Thread 0x0000019d77b9a890 4377       3       javafx.scene.shape.Rectangle::getArcWidth (19 bytes)
Event: 133.117 Thread 0x0000019d77b9a890 nmethod 4377 0x0000019d5abab190 code [0x0000019d5abab360, 0x0000019d5abab728]
Event: 133.117 Thread 0x0000019d77b9a890 4378       3       javafx.scene.shape.Rectangle::getX (19 bytes)
Event: 133.117 Thread 0x0000019d77b9a890 nmethod 4378 0x0000019d5abab890 code [0x0000019d5ababa60, 0x0000019d5ababe28]
Event: 134.562 Thread 0x0000019d77b94e20 4379       4       javafx.scene.layout.GridPane::getNodeRowIndex (18 bytes)
Event: 134.563 Thread 0x0000019d77b9a890 4380       1       com.sun.javafx.tk.quantum.GlassScene::getCamera (5 bytes)
Event: 134.563 Thread 0x0000019d77b9a890 nmethod 4380 0x0000019d619ad510 code [0x0000019d619ad6a0, 0x0000019d619ad778]
Event: 134.564 Thread 0x0000019d77b9a890 4381       1       com.sun.prism.d3d.D3DRTTexture::setOpaque (6 bytes)
Event: 134.564 Thread 0x0000019d77b9a890 nmethod 4381 0x0000019d619ad810 code [0x0000019d619ad9a0, 0x0000019d619ada78]
Event: 134.609 Thread 0x0000019d77b94e20 nmethod 4379 0x0000019d619adb10 code [0x0000019d619adce0, 0x0000019d619ae458]

GC Heap History (12 events):
Event: 0.915 GC heap before
{Heap before GC invocations=0 (full 0):
 garbage-first heap   total 327680K, used 20480K [0x00000006c1c00000, 0x0000000800000000)
  region size 4096K, 5 young (20480K), 0 survivors (0K)
 Metaspace       used 3824K, committed 3968K, reserved 1056768K
  class space    used 450K, committed 512K, reserved 1048576K
}
Event: 0.918 GC heap after
{Heap after GC invocations=1 (full 0):
 garbage-first heap   total 327680K, used 3913K [0x00000006c1c00000, 0x0000000800000000)
  region size 4096K, 1 young (4096K), 1 survivors (4096K)
 Metaspace       used 3824K, committed 3968K, reserved 1056768K
  class space    used 450K, committed 512K, reserved 1048576K
}
Event: 3.245 GC heap before
{Heap before GC invocations=1 (full 0):
 garbage-first heap   total 327680K, used 40777K [0x00000006c1c00000, 0x0000000800000000)
  region size 4096K, 10 young (40960K), 1 survivors (4096K)
 Metaspace       used 18738K, committed 19008K, reserved 1073152K
  class space    used 2357K, committed 2496K, reserved 1048576K
}
Event: 3.255 GC heap after
{Heap after GC invocations=2 (full 0):
 garbage-first heap   total 327680K, used 10342K [0x00000006c1c00000, 0x0000000800000000)
  region size 4096K, 2 young (8192K), 2 survivors (8192K)
 Metaspace       used 18738K, committed 19008K, reserved 1073152K
  class space    used 2357K, committed 2496K, reserved 1048576K
}
Event: 3.665 GC heap before
{Heap before GC invocations=2 (full 0):
 garbage-first heap   total 327680K, used 18534K [0x00000006c1c00000, 0x0000000800000000)
  region size 4096K, 5 young (20480K), 2 survivors (8192K)
 Metaspace       used 21300K, committed 21504K, reserved 1073152K
  class space    used 2836K, committed 2944K, reserved 1048576K
}
Event: 3.673 GC heap after
{Heap after GC invocations=3 (full 0):
 garbage-first heap   total 327680K, used 11859K [0x00000006c1c00000, 0x0000000800000000)
  region size 4096K, 1 young (4096K), 1 survivors (4096K)
 Metaspace       used 21300K, committed 21504K, reserved 1073152K
  class space    used 2836K, committed 2944K, reserved 1048576K
}
Event: 10.983 GC heap before
{Heap before GC invocations=4 (full 0):
 garbage-first heap   total 69632K, used 32339K [0x00000006c1c00000, 0x0000000800000000)
  region size 4096K, 6 young (24576K), 1 survivors (4096K)
 Metaspace       used 23872K, committed 24128K, reserved 1073152K
  class space    used 3207K, committed 3328K, reserved 1048576K
}
Event: 10.986 GC heap after
{Heap after GC invocations=5 (full 0):
 garbage-first heap   total 69632K, used 23237K [0x00000006c1c00000, 0x0000000800000000)
  region size 4096K, 2 young (8192K), 2 survivors (8192K)
 Metaspace       used 23872K, committed 24128K, reserved 1073152K
  class space    used 3207K, committed 3328K, reserved 1048576K
}
Event: 12.611 GC heap before
{Heap before GC invocations=5 (full 0):
 garbage-first heap   total 73728K, used 47813K [0x00000006c1c00000, 0x0000000800000000)
  region size 4096K, 3 young (12288K), 2 survivors (8192K)
 Metaspace       used 24335K, committed 24576K, reserved 1073152K
  class space    used 3302K, committed 3392K, reserved 1048576K
}
Event: 12.623 GC heap after
{Heap after GC invocations=6 (full 0):
 garbage-first heap   total 73728K, used 37841K [0x00000006c1c00000, 0x0000000800000000)
  region size 4096K, 1 young (4096K), 1 survivors (4096K)
 Metaspace       used 24335K, committed 24576K, reserved 1073152K
  class space    used 3302K, committed 3392K, reserved 1048576K
}
Event: 19.941 GC heap before
{Heap before GC invocations=6 (full 0):
 garbage-first heap   total 73728K, used 50129K [0x00000006c1c00000, 0x0000000800000000)
  region size 4096K, 4 young (16384K), 1 survivors (4096K)
 Metaspace       used 25852K, committed 26176K, reserved 1073152K
  class space    used 3511K, committed 3648K, reserved 1048576K
}
Event: 19.950 GC heap after
{Heap after GC invocations=7 (full 0):
 garbage-first heap   total 73728K, used 39885K [0x00000006c1c00000, 0x0000000800000000)
  region size 4096K, 1 young (4096K), 1 survivors (4096K)
 Metaspace       used 25852K, committed 26176K, reserved 1073152K
  class space    used 3511K, committed 3648K, reserved 1048576K
}

Deoptimization events (20 events):
Event: 19.914 Thread 0x0000019d78b938b0 DEOPT PACKING pc=0x0000019d5a6ce3ee sp=0x00000063b44fc660
Event: 19.914 Thread 0x0000019d78b938b0 DEOPT UNPACKING pc=0x0000019d59d22b43 sp=0x00000063b44fbb40 mode 0
Event: 21.382 Thread 0x0000019d78b938b0 Uncommon trap: trap_request=0xffffff45 fr.pc=0x0000019d6191c24c relative=0x000000000000012c
Event: 21.382 Thread 0x0000019d78b938b0 Uncommon trap: reason=unstable_if action=reinterpret pc=0x0000019d6191c24c method=java.lang.ThreadLocal$ThreadLocalMap.getEntry(Ljava/lang/ThreadLocal;)Ljava/lang/ThreadLocal$ThreadLocalMap$Entry; @ 29 c2
Event: 21.382 Thread 0x0000019d78b938b0 DEOPT PACKING pc=0x0000019d6191c24c sp=0x00000063b44fa040
Event: 21.382 Thread 0x0000019d78b938b0 DEOPT UNPACKING pc=0x0000019d59d223a3 sp=0x00000063b44f9f68 mode 2
Event: 25.533 Thread 0x0000019d78b938b0 Uncommon trap: trap_request=0xffffffd6 fr.pc=0x0000019d619541cc relative=0x00000000000012cc
Event: 25.533 Thread 0x0000019d78b938b0 Uncommon trap: reason=array_check action=maybe_recompile pc=0x0000019d619541cc method=javafx.css.SimpleSelector.applies(Ljavafx/css/Styleable;[Ljava/util/Set;I)Z @ 37 c2
Event: 25.533 Thread 0x0000019d78b938b0 DEOPT PACKING pc=0x0000019d619541cc sp=0x00000063b44f9d30
Event: 25.533 Thread 0x0000019d78b938b0 DEOPT UNPACKING pc=0x0000019d59d223a3 sp=0x00000063b44f9cb0 mode 2
Event: 25.534 Thread 0x0000019d78b938b0 Uncommon trap: trap_request=0xffffff45 fr.pc=0x0000019d61967768 relative=0x00000000000000c8
Event: 25.534 Thread 0x0000019d78b938b0 Uncommon trap: reason=unstable_if action=reinterpret pc=0x0000019d61967768 method=java.lang.Math.max(DD)D @ 28 c2
Event: 25.534 Thread 0x0000019d78b938b0 DEOPT PACKING pc=0x0000019d61967768 sp=0x00000063b44fa7d0
Event: 25.534 Thread 0x0000019d78b938b0 DEOPT UNPACKING pc=0x0000019d59d223a3 sp=0x00000063b44fa770 mode 2
Event: 25.545 Thread 0x0000019d78b938b0 Uncommon trap: trap_request=0xffffff45 fr.pc=0x0000019d61909e5c relative=0x00000000000004fc
Event: 25.545 Thread 0x0000019d78b938b0 Uncommon trap: reason=unstable_if action=reinterpret pc=0x0000019d61909e5c method=com.sun.javafx.css.BitSet.add(Ljava/lang/Object;)Z @ 91 c2
Event: 25.545 Thread 0x0000019d78b938b0 DEOPT PACKING pc=0x0000019d61909e5c sp=0x00000063b44fa610
Event: 25.545 Thread 0x0000019d78b938b0 DEOPT UNPACKING pc=0x0000019d59d223a3 sp=0x00000063b44fa5d0 mode 2
Event: 32.609 Thread 0x0000019d78b938b0 DEOPT PACKING pc=0x0000019d5a50fdd6 sp=0x00000063b44fa330
Event: 32.609 Thread 0x0000019d78b938b0 DEOPT UNPACKING pc=0x0000019d59d22b43 sp=0x00000063b44f97d0 mode 0

Classes unloaded (0 events):
No events

Classes redefined (5 events):
Event: 208.913 Thread 0x0000019d77b6b460 redefined class name=org.martincorp.Interface.SettingsController, count=1
Event: 208.913 Thread 0x0000019d77b6b460 redefined class name=org.martincorp.Interface.SettingsController$1, count=1
Event: 208.913 Thread 0x0000019d77b6b460 redefined class name=org.martincorp.Interface.SettingsController$2, count=1
Event: 208.913 Thread 0x0000019d77b6b460 redefined class name=org.martincorp.Interface.SettingsController$3, count=1
Event: 208.913 Thread 0x0000019d77b6b460 redefined class name=org.martincorp.Interface.SettingsController$4, count=1

Internal exceptions (20 events):
Event: 3.288 Thread 0x0000019d78b938b0 Implicit null exception at 0x0000019d61863d20 to 0x0000019d618642a4
Event: 3.289 Thread 0x0000019d78b938b0 Implicit null exception at 0x0000019d617b818f to 0x0000019d617b820d
Event: 3.473 Thread 0x0000019d78b938b0 Exception <a 'java/lang/NoSuchMethodError'{0x00000006d54f5388}: 'java.lang.Object java.lang.invoke.DirectMethodHandle$Holder.invokeInterface(java.lang.Object, java.lang.Object, java.lang.Object)'> (0x00000006d54f5388) 
thrown [t:\workspace\open\src\hotspot\share\interpreter\linkResolver.cpp, line 766]
Event: 3.474 Thread 0x0000019d78b938b0 Exception <a 'java/lang/IncompatibleClassChangeError'{0x00000006d54f8a50}: Found class java.lang.Object, but interface was expected> (0x00000006d54f8a50) 
thrown [t:\workspace\open\src\hotspot\share\interpreter\linkResolver.cpp, line 833]
Event: 3.572 Thread 0x0000019d78b938b0 Exception <a 'java/lang/ClassNotFoundException'{0x00000006d578b5d8}: com/sun/javafx/scene/control/skin/resources/controls> (0x00000006d578b5d8) 
thrown [t:\workspace\open\src\hotspot\share\prims\jni.cpp, line 535]
Event: 3.577 Thread 0x0000019d78b938b0 Exception <a 'java/lang/ClassNotFoundException'{0x00000006d5799560}: com/sun/javafx/scene/control/skin/resources/controls_es> (0x00000006d5799560) 
thrown [t:\workspace\open\src\hotspot\share\prims\jni.cpp, line 535]
Event: 3.580 Thread 0x0000019d78b938b0 Exception <a 'java/lang/ClassNotFoundException'{0x00000006d57a71a8}: com/sun/javafx/scene/control/skin/resources/controls_es_ES> (0x00000006d57a71a8) 
thrown [t:\workspace\open\src\hotspot\share\prims\jni.cpp, line 535]
Event: 3.645 Thread 0x0000019d78b938b0 Exception <a 'java/lang/NoSuchMethodError'{0x00000006d512a388}: 'void java.lang.invoke.DirectMethodHandle$Holder.invokeSpecial(java.lang.Object, java.lang.Object, java.lang.Object, java.lang.Object, java.lang.Object, java.lang.Object)'> (0x00000006d512a388) 
thrown [t:\workspace\open\src\hotspot\share\interpreter\linkResolver.cpp, line 766]
Event: 3.744 Thread 0x0000019d78b938b0 Exception <a 'java/lang/NoSuchMethodError'{0x00000006d5a30358}: 'java.lang.Object java.lang.invoke.DirectMethodHandle$Holder.newInvokeSpecial(java.lang.Object, java.lang.Object, int)'> (0x00000006d5a30358) 
thrown [t:\workspace\open\src\hotspot\share\interpreter\linkResolver.cpp, line 766]
Event: 5.319 Thread 0x0000019d78b938b0 Exception <a 'java/lang/NoSuchMethodError'{0x00000006c519d1a0}: 'long java.lang.invoke.DirectMethodHandle$Holder.invokeStatic(java.lang.Object, java.lang.Object, java.lang.Object)'> (0x00000006c519d1a0) 
thrown [t:\workspace\open\src\hotspot\share\interpreter\linkResolver.cpp, line 766]
Event: 5.319 Thread 0x0000019d78b938b0 Exception <a 'java/lang/NoSuchMethodError'{0x00000006c51a0948}: 'long java.lang.invoke.DirectMethodHandle$Holder.invokeStaticInit(java.lang.Object, java.lang.Object, java.lang.Object)'> (0x00000006c51a0948) 
thrown [t:\workspace\open\src\hotspot\share\interpreter\linkResolver.cpp, line 766]
Event: 5.324 Thread 0x0000019d78b938b0 Exception <a 'java/lang/NoSuchMethodError'{0x00000006c51b8550}: 'java.lang.Object java.lang.invoke.DirectMethodHandle$Holder.newInvokeSpecial(java.lang.Object, java.lang.Object, long)'> (0x00000006c51b8550) 
thrown [t:\workspace\open\src\hotspot\share\interpreter\linkResolver.cpp, line 766]
Event: 5.324 Thread 0x0000019d78b938b0 Exception <a 'java/lang/NoSuchMethodError'{0x00000006c51bc0c0}: 'java.lang.Object java.lang.invoke.Invokers$Holder.linkToTargetMethod(java.lang.Object, long, java.lang.Object)'> (0x00000006c51bc0c0) 
thrown [t:\workspace\open\src\hotspot\share\interpreter\linkResolver.cpp, line 766]
Event: 9.783 Thread 0x0000019d78b938b0 Exception <a 'java/io/IOException'{0x00000006c5274e90}> (0x00000006c5274e90) 
thrown [t:\workspace\open\src\hotspot\share\prims\jni.cpp, line 516]
Event: 9.784 Thread 0x0000019d78b938b0 Exception <a 'java/lang/NoSuchMethodError'{0x00000006c5278318}: 'void java.lang.invoke.DirectMethodHandle$Holder.invokeInterface(java.lang.Object, java.lang.Object)'> (0x00000006c5278318) 
thrown [t:\workspace\open\src\hotspot\share\interpreter\linkResolver.cpp, line 766]
Event: 18.577 Thread 0x0000019d78b938b0 Exception <a 'java/lang/NoSuchMethodError'{0x00000006d5beab50}: 'java.lang.Object java.lang.invoke.DirectMethodHandle$Holder.newInvokeSpecial(java.lang.Object, java.lang.Object, int, int, int, int, int, java.lang.Object)'> (0x00000006d5beab50) 
thrown [t:\workspace\open\src\hotspot\share\interpreter\linkResolver.cpp, line 766]
Event: 18.579 Thread 0x0000019d78a253c0 Exception <a 'java/lang/NoSuchMethodError'{0x00000006c4409d98}: 'java.lang.Object java.lang.invoke.DirectMethodHandle$Holder.invokeStaticInit(java.lang.Object, int)'> (0x00000006c4409d98) 
thrown [t:\workspace\open\src\hotspot\share\interpreter\linkResolver.cpp, line 766]
Event: 18.579 Thread 0x0000019d78b938b0 Exception <a 'java/lang/NoSuchMethodError'{0x00000006d5bfdb30}: 'java.lang.Object java.lang.invoke.DirectMethodHandle$Holder.newInvokeSpecial(java.lang.Object, java.lang.Object, java.lang.Object, int, int, int, int, int)'> (0x00000006d5bfdb30) 
thrown [t:\workspace\open\src\hotspot\share\interpreter\linkResolver.cpp, line 766]
Event: 18.580 Thread 0x0000019d78b938b0 Exception <a 'java/lang/NoSuchMethodError'{0x00000006c4423018}: 'java.lang.Object java.lang.invoke.Invokers$Holder.linkToTargetMethod(java.lang.Object, java.lang.Object, int, int, int, int, int, java.lang.Object)'> (0x00000006c4423018) 
thrown [t:\workspace\open\src\hotspot\share\interpreter\linkResolver.cpp, line 766]
Event: 19.786 Thread 0x0000019d78b938b0 Implicit null exception at 0x0000019d61924768 to 0x0000019d61925654

VM Operations (20 events):
Event: 40.540 Executing VM operation: Cleanup
Event: 40.540 Executing VM operation: Cleanup done
Event: 42.541 Executing VM operation: Cleanup
Event: 42.541 Executing VM operation: Cleanup done
Event: 47.544 Executing VM operation: Cleanup
Event: 47.544 Executing VM operation: Cleanup done
Event: 48.544 Executing VM operation: Cleanup
Event: 48.544 Executing VM operation: Cleanup done
Event: 132.906 Executing VM operation: Cleanup
Event: 132.906 Executing VM operation: Cleanup done
Event: 134.931 Executing VM operation: Cleanup
Event: 134.931 Executing VM operation: Cleanup done
Event: 144.090 Executing VM operation: ChangeBreakpoints
Event: 144.091 Executing VM operation: ChangeBreakpoints done
Event: 207.487 Executing VM operation: ChangeBreakpoints
Event: 207.488 Executing VM operation: ChangeBreakpoints done
Event: 207.678 Executing VM operation: ChangeBreakpoints
Event: 207.680 Executing VM operation: ChangeBreakpoints done
Event: 208.891 Executing VM operation: RedefineClasses
Event: 208.961 Executing VM operation: RedefineClasses done

Events (20 events):
Event: 9.795 Thread 0x0000019d011b03b0 Thread added: 0x0000019d011b03b0
Event: 9.874 Thread 0x0000019d7dbcffd0 Thread exited: 0x0000019d7dbcffd0
Event: 10.975 Thread 0x0000019d011b03b0 Thread exited: 0x0000019d011b03b0
Event: 10.975 Thread 0x0000019d018ae9f0 Thread exited: 0x0000019d018ae9f0
Event: 12.696 Thread 0x0000019d78c76040 Thread added: 0x0000019d78c76040
Event: 14.390 Thread 0x0000019d78c76040 Thread exited: 0x0000019d78c76040
Event: 18.545 Thread 0x0000019d018a26d0 Thread added: 0x0000019d018a26d0
Event: 19.514 Thread 0x0000019d018a26d0 Thread exited: 0x0000019d018a26d0
Event: 19.553 Thread 0x0000019d018a26d0 Thread added: 0x0000019d018a26d0
Event: 20.157 Thread 0x0000019d018a26d0 Thread exited: 0x0000019d018a26d0
Event: 21.382 loading class java/lang/reflect/WildcardType
Event: 21.382 loading class java/lang/reflect/WildcardType done
Event: 25.511 loading class java/io/FileWriter
Event: 25.511 loading class java/io/FileWriter done
Event: 25.514 loading class java/util/regex/Pattern$1
Event: 25.514 loading class java/util/regex/Pattern$1 done
Event: 25.515 loading class java/io/FileOutputStream$1
Event: 25.515 loading class java/io/FileOutputStream$1 done
Event: 25.609 Thread 0x0000019d789378d0 Thread added: 0x0000019d789378d0
Event: 26.439 Thread 0x0000019d789378d0 Thread exited: 0x0000019d789378d0


Dynamic libraries:
0x00007ff6607e0000 - 0x00007ff6607ee000 	C:\openjdk\jdk-17.0.2\bin\java.exe
0x00007ffee5090000 - 0x00007ffee52a4000 	C:\WINDOWS\SYSTEM32\ntdll.dll
0x00007ffee3b10000 - 0x00007ffee3bd4000 	C:\WINDOWS\System32\KERNEL32.DLL
0x00007ffee2470000 - 0x00007ffee2814000 	C:\WINDOWS\System32\KERNELBASE.dll
0x00007ffee2bc0000 - 0x00007ffee2cd1000 	C:\WINDOWS\System32\ucrtbase.dll
0x00007ffecefb0000 - 0x00007ffecefc8000 	C:\openjdk\jdk-17.0.2\bin\jli.dll
0x00007ffece140000 - 0x00007ffece15a000 	C:\openjdk\jdk-17.0.2\bin\VCRUNTIME140.dll
0x00007ffee4330000 - 0x00007ffee44da000 	C:\WINDOWS\System32\USER32.dll
0x00007ffecc2b0000 - 0x00007ffecc53f000 	C:\WINDOWS\WinSxS\amd64_microsoft.windows.common-controls_6595b64144ccf1df_6.0.22621.2070_none_2713e6537381f706\COMCTL32.dll
0x00007ffee2b90000 - 0x00007ffee2bb6000 	C:\WINDOWS\System32\win32u.dll
0x00007ffee3450000 - 0x00007ffee34f7000 	C:\WINDOWS\System32\msvcrt.dll
0x00007ffee44e0000 - 0x00007ffee4509000 	C:\WINDOWS\System32\GDI32.dll
0x00007ffee29b0000 - 0x00007ffee2ac9000 	C:\WINDOWS\System32\gdi32full.dll
0x00007ffee2820000 - 0x00007ffee28ba000 	C:\WINDOWS\System32\msvcp_win.dll
0x00007ffee4190000 - 0x00007ffee41c1000 	C:\WINDOWS\System32\IMM32.DLL
0x00007ffed2530000 - 0x00007ffed253c000 	C:\openjdk\jdk-17.0.2\bin\vcruntime140_1.dll
0x00007ffea1cd0000 - 0x00007ffea1d5d000 	C:\openjdk\jdk-17.0.2\bin\msvcp140.dll
0x00007ffe84fd0000 - 0x00007ffe85b91000 	C:\openjdk\jdk-17.0.2\bin\server\jvm.dll
0x00007ffee39b0000 - 0x00007ffee3a60000 	C:\WINDOWS\System32\ADVAPI32.dll
0x00007ffee3340000 - 0x00007ffee33e6000 	C:\WINDOWS\System32\sechost.dll
0x00007ffee3be0000 - 0x00007ffee3cf7000 	C:\WINDOWS\System32\RPCRT4.dll
0x00007ffee4730000 - 0x00007ffee4738000 	C:\WINDOWS\System32\PSAPI.DLL
0x00007ffeab120000 - 0x00007ffeab129000 	C:\WINDOWS\SYSTEM32\WSOCK32.dll
0x00007ffed0c90000 - 0x00007ffed0cc4000 	C:\WINDOWS\SYSTEM32\WINMM.dll
0x00007ffed9f30000 - 0x00007ffed9f3a000 	C:\WINDOWS\SYSTEM32\VERSION.dll
0x00007ffee42b0000 - 0x00007ffee4321000 	C:\WINDOWS\System32\WS2_32.dll
0x00007ffee1550000 - 0x00007ffee1568000 	C:\WINDOWS\SYSTEM32\kernel.appcore.dll
0x00007ffecf050000 - 0x00007ffecf05a000 	C:\openjdk\jdk-17.0.2\bin\jimage.dll
0x00007ffedff10000 - 0x00007ffee013e000 	C:\WINDOWS\SYSTEM32\DBGHELP.DLL
0x00007ffee3d00000 - 0x00007ffee408a000 	C:\WINDOWS\System32\combase.dll
0x00007ffee4f70000 - 0x00007ffee5047000 	C:\WINDOWS\System32\OLEAUT32.dll
0x00007ffed1ec0000 - 0x00007ffed1ef2000 	C:\WINDOWS\SYSTEM32\dbgcore.DLL
0x00007ffee2930000 - 0x00007ffee29aa000 	C:\WINDOWS\System32\bcryptPrimitives.dll
0x00007ffecdb00000 - 0x00007ffecdb3b000 	C:\openjdk\jdk-17.0.2\bin\jdwp.dll
0x00007ffecdd20000 - 0x00007ffecdd45000 	C:\openjdk\jdk-17.0.2\bin\java.dll
0x00007ffe9f070000 - 0x00007ffe9f146000 	C:\openjdk\jdk-17.0.2\bin\jsvml.dll
0x00007ffee4740000 - 0x00007ffee4f56000 	C:\WINDOWS\System32\SHELL32.dll
0x00007ffee0450000 - 0x00007ffee0d3a000 	C:\WINDOWS\SYSTEM32\windows.storage.dll
0x00007ffee0310000 - 0x00007ffee044e000 	C:\WINDOWS\SYSTEM32\wintypes.dll
0x00007ffee36e0000 - 0x00007ffee37d3000 	C:\WINDOWS\System32\SHCORE.dll
0x00007ffee33f0000 - 0x00007ffee344e000 	C:\WINDOWS\System32\shlwapi.dll
0x00007ffee23a0000 - 0x00007ffee23c6000 	C:\WINDOWS\SYSTEM32\profapi.dll
0x00007ffecdc60000 - 0x00007ffecdc79000 	C:\openjdk\jdk-17.0.2\bin\net.dll
0x00007ffedb9b0000 - 0x00007ffedbae7000 	C:\WINDOWS\SYSTEM32\WINHTTP.dll
0x00007ffee1a20000 - 0x00007ffee1a89000 	C:\WINDOWS\system32\mswsock.dll
0x00007ffecdbd0000 - 0x00007ffecdbe6000 	C:\openjdk\jdk-17.0.2\bin\nio.dll
0x00007ffecdc80000 - 0x00007ffecdc98000 	C:\openjdk\jdk-17.0.2\bin\zip.dll
0x00007ffeddaf0000 - 0x00007ffeddafc000 	C:\openjdk\jdk-17.0.2\bin\dt_socket.dll
0x00007ffee1010000 - 0x00007ffee103d000 	C:\WINDOWS\SYSTEM32\IPHLPAPI.DLL
0x00007ffee1080000 - 0x00007ffee1173000 	C:\WINDOWS\SYSTEM32\DNSAPI.dll
0x00007ffee39a0000 - 0x00007ffee39a9000 	C:\WINDOWS\System32\NSI.dll
0x00007ffeda100000 - 0x00007ffeda10a000 	C:\Windows\System32\rasadhlp.dll
0x00007ffeda180000 - 0x00007ffeda204000 	C:\WINDOWS\System32\fwpuclnt.dll
0x0000019d523f0000 - 0x0000019d523f3000 	C:\openjdk\javafx\javafx-sdk-17.0.7\bin\api-ms-win-core-console-l1-1-0.dll
0x0000019d52400000 - 0x0000019d52403000 	C:\openjdk\javafx\javafx-sdk-17.0.7\bin\api-ms-win-core-console-l1-2-0.dll
0x0000019d52410000 - 0x0000019d52413000 	C:\openjdk\javafx\javafx-sdk-17.0.7\bin\api-ms-win-core-datetime-l1-1-0.dll
0x0000019d52420000 - 0x0000019d52423000 	C:\openjdk\javafx\javafx-sdk-17.0.7\bin\api-ms-win-core-debug-l1-1-0.dll
0x0000019d52430000 - 0x0000019d52433000 	C:\openjdk\javafx\javafx-sdk-17.0.7\bin\api-ms-win-core-errorhandling-l1-1-0.dll
0x0000019d52440000 - 0x0000019d52444000 	C:\openjdk\javafx\javafx-sdk-17.0.7\bin\api-ms-win-core-file-l1-1-0.dll
0x0000019d52450000 - 0x0000019d52453000 	C:\openjdk\javafx\javafx-sdk-17.0.7\bin\api-ms-win-core-file-l1-2-0.dll
0x0000019d79470000 - 0x0000019d79473000 	C:\openjdk\javafx\javafx-sdk-17.0.7\bin\api-ms-win-core-file-l2-1-0.dll
0x0000019d79480000 - 0x0000019d79483000 	C:\openjdk\javafx\javafx-sdk-17.0.7\bin\api-ms-win-core-handle-l1-1-0.dll
0x0000019d79490000 - 0x0000019d79493000 	C:\openjdk\javafx\javafx-sdk-17.0.7\bin\api-ms-win-core-heap-l1-1-0.dll
0x0000019d794a0000 - 0x0000019d794a3000 	C:\openjdk\javafx\javafx-sdk-17.0.7\bin\api-ms-win-core-interlocked-l1-1-0.dll
0x0000019d794b0000 - 0x0000019d794b3000 	C:\openjdk\javafx\javafx-sdk-17.0.7\bin\api-ms-win-core-libraryloader-l1-1-0.dll
0x0000019d794c0000 - 0x0000019d794c3000 	C:\openjdk\javafx\javafx-sdk-17.0.7\bin\api-ms-win-core-localization-l1-2-0.dll
0x0000019d794d0000 - 0x0000019d794d3000 	C:\openjdk\javafx\javafx-sdk-17.0.7\bin\api-ms-win-core-memory-l1-1-0.dll
0x0000019d794e0000 - 0x0000019d794e3000 	C:\openjdk\javafx\javafx-sdk-17.0.7\bin\api-ms-win-core-namedpipe-l1-1-0.dll
0x0000019d794f0000 - 0x0000019d794f3000 	C:\openjdk\javafx\javafx-sdk-17.0.7\bin\api-ms-win-core-processenvironment-l1-1-0.dll
0x0000019d79500000 - 0x0000019d79503000 	C:\openjdk\javafx\javafx-sdk-17.0.7\bin\api-ms-win-core-processthreads-l1-1-0.dll
0x0000019d79510000 - 0x0000019d79513000 	C:\openjdk\javafx\javafx-sdk-17.0.7\bin\api-ms-win-core-processthreads-l1-1-1.dll
0x0000019d79520000 - 0x0000019d79523000 	C:\openjdk\javafx\javafx-sdk-17.0.7\bin\api-ms-win-core-profile-l1-1-0.dll
0x0000019d79530000 - 0x0000019d79533000 	C:\openjdk\javafx\javafx-sdk-17.0.7\bin\api-ms-win-core-rtlsupport-l1-1-0.dll
0x0000019d79540000 - 0x0000019d79543000 	C:\openjdk\javafx\javafx-sdk-17.0.7\bin\api-ms-win-core-string-l1-1-0.dll
0x0000019d79550000 - 0x0000019d79553000 	C:\openjdk\javafx\javafx-sdk-17.0.7\bin\api-ms-win-core-synch-l1-1-0.dll
0x0000019d79560000 - 0x0000019d79563000 	C:\openjdk\javafx\javafx-sdk-17.0.7\bin\api-ms-win-core-synch-l1-2-0.dll
0x0000019d79570000 - 0x0000019d79573000 	C:\openjdk\javafx\javafx-sdk-17.0.7\bin\api-ms-win-core-sysinfo-l1-1-0.dll
0x0000019d79580000 - 0x0000019d79583000 	C:\openjdk\javafx\javafx-sdk-17.0.7\bin\api-ms-win-core-timezone-l1-1-0.dll
0x0000019d79590000 - 0x0000019d79593000 	C:\openjdk\javafx\javafx-sdk-17.0.7\bin\api-ms-win-core-util-l1-1-0.dll
0x0000019d795a0000 - 0x0000019d795a3000 	C:\openjdk\javafx\javafx-sdk-17.0.7\bin\api-ms-win-crt-conio-l1-1-0.dll
0x0000019d795b0000 - 0x0000019d795b4000 	C:\openjdk\javafx\javafx-sdk-17.0.7\bin\api-ms-win-crt-convert-l1-1-0.dll
0x0000019d795c0000 - 0x0000019d795c3000 	C:\openjdk\javafx\javafx-sdk-17.0.7\bin\api-ms-win-crt-environment-l1-1-0.dll
0x0000019d795d0000 - 0x0000019d795d3000 	C:\openjdk\javafx\javafx-sdk-17.0.7\bin\api-ms-win-crt-filesystem-l1-1-0.dll
0x0000019d795e0000 - 0x0000019d795e3000 	C:\openjdk\javafx\javafx-sdk-17.0.7\bin\api-ms-win-crt-heap-l1-1-0.dll
0x0000019d795f0000 - 0x0000019d795f3000 	C:\openjdk\javafx\javafx-sdk-17.0.7\bin\api-ms-win-crt-locale-l1-1-0.dll
0x0000019d79600000 - 0x0000019d79605000 	C:\openjdk\javafx\javafx-sdk-17.0.7\bin\api-ms-win-crt-math-l1-1-0.dll
0x0000019d79610000 - 0x0000019d79615000 	C:\openjdk\javafx\javafx-sdk-17.0.7\bin\api-ms-win-crt-multibyte-l1-1-0.dll
0x0000019d79620000 - 0x0000019d79630000 	C:\openjdk\javafx\javafx-sdk-17.0.7\bin\api-ms-win-crt-private-l1-1-0.dll
0x0000019d79630000 - 0x0000019d79633000 	C:\openjdk\javafx\javafx-sdk-17.0.7\bin\api-ms-win-crt-process-l1-1-0.dll
0x0000019d79640000 - 0x0000019d79644000 	C:\openjdk\javafx\javafx-sdk-17.0.7\bin\api-ms-win-crt-runtime-l1-1-0.dll
0x0000019d79650000 - 0x0000019d79654000 	C:\openjdk\javafx\javafx-sdk-17.0.7\bin\api-ms-win-crt-stdio-l1-1-0.dll
0x0000019d79660000 - 0x0000019d79664000 	C:\openjdk\javafx\javafx-sdk-17.0.7\bin\api-ms-win-crt-string-l1-1-0.dll
0x0000019d79670000 - 0x0000019d79673000 	C:\openjdk\javafx\javafx-sdk-17.0.7\bin\api-ms-win-crt-time-l1-1-0.dll
0x0000019d79680000 - 0x0000019d79683000 	C:\openjdk\javafx\javafx-sdk-17.0.7\bin\api-ms-win-crt-utility-l1-1-0.dll
0x00007ffea0070000 - 0x00007ffea016c000 	C:\openjdk\javafx\javafx-sdk-17.0.7\bin\ucrtbase.dll
0x00007ffedda00000 - 0x00007ffedda1b000 	C:\openjdk\javafx\javafx-sdk-17.0.7\bin\vcruntime140.dll
0x00007ffedd9f0000 - 0x00007ffedd9fc000 	C:\openjdk\javafx\javafx-sdk-17.0.7\bin\vcruntime140_1.dll
0x00007ffecda50000 - 0x00007ffecdade000 	C:\openjdk\javafx\javafx-sdk-17.0.7\bin\msvcp140.dll
0x00007ffedd2d0000 - 0x00007ffedd2d9000 	C:\openjdk\javafx\javafx-sdk-17.0.7\bin\msvcp140_1.dll
0x00007ffecdd50000 - 0x00007ffecdd80000 	C:\openjdk\javafx\javafx-sdk-17.0.7\bin\msvcp140_2.dll
0x00007ffecdca0000 - 0x00007ffecdcca000 	C:\openjdk\javafx\javafx-sdk-17.0.7\bin\prism_d3d.dll
0x00007ffe802f0000 - 0x00007ffe80499000 	C:\WINDOWS\system32\d3d9.dll
0x00007ffedf8a0000 - 0x00007ffedf8cb000 	C:\WINDOWS\SYSTEM32\dwmapi.dll
0x00007ffedf910000 - 0x00007ffedf948000 	C:\WINDOWS\SYSTEM32\dxcore.dll
0x00007ffedf620000 - 0x00007ffedf6cb000 	C:\WINDOWS\system32\uxtheme.dll
0x00007ffe9f780000 - 0x00007ffe9f8e3000 	C:\Windows\System32\DriverStore\FileRepository\iigd_dch.inf_amd64_a5d0ffe42e074935\igdumdim64.dll
0x00007ffe60420000 - 0x00007ffe6418b000 	C:\Windows\System32\DriverStore\FileRepository\iigd_dch.inf_amd64_a5d0ffe42e074935\igd9dxva64.dll
0x00007ffee4530000 - 0x00007ffee46cc000 	C:\WINDOWS\System32\OLE32.DLL
0x00007ffed76f0000 - 0x00007ffed7890000 	C:\Windows\System32\DriverStore\FileRepository\iigd_dch.inf_amd64_a5d0ffe42e074935\igdgmm64.dll
0x00007ffedb960000 - 0x00007ffedb9aa000 	C:\WINDOWS\SYSTEM32\directxdatabasehelper.dll
0x00007ffec5e20000 - 0x00007ffec5e62000 	C:\openjdk\javafx\javafx-sdk-17.0.7\bin\glass.dll
0x00007ffee4090000 - 0x00007ffee4187000 	C:\WINDOWS\System32\COMDLG32.dll
0x00007ffee3500000 - 0x00007ffee3627000 	C:\WINDOWS\System32\MSCTF.dll
0x00007ffeab130000 - 0x00007ffeab153000 	C:\Windows\System32\DriverStore\FileRepository\iigd_dch.inf_amd64_a5d0ffe42e074935\igdinfo64.dll
0x00007ffed52b0000 - 0x00007ffed76ac000 	C:\Windows\System32\DriverStore\FileRepository\iigd_dch.inf_amd64_a5d0ffe42e074935\igc64.dll
0x00007ffecd960000 - 0x00007ffecd96e000 	C:\openjdk\jdk-17.0.2\bin\sunmscapi.dll
0x00007ffee2ce0000 - 0x00007ffee2e47000 	C:\WINDOWS\System32\CRYPT32.dll
0x00007ffee1de0000 - 0x00007ffee1e0e000 	C:\WINDOWS\SYSTEM32\ncrypt.dll
0x00007ffee1da0000 - 0x00007ffee1dd7000 	C:\WINDOWS\SYSTEM32\NTASN1.dll
0x00007ffee1c80000 - 0x00007ffee1c9b000 	C:\WINDOWS\SYSTEM32\CRYPTSP.dll
0x00007ffee1510000 - 0x00007ffee1545000 	C:\WINDOWS\system32\rsaenh.dll
0x00007ffee1b10000 - 0x00007ffee1b3c000 	C:\WINDOWS\SYSTEM32\USERENV.dll
0x00007ffee1e10000 - 0x00007ffee1e38000 	C:\WINDOWS\SYSTEM32\bcrypt.dll
0x00007ffee1c70000 - 0x00007ffee1c7c000 	C:\WINDOWS\SYSTEM32\CRYPTBASE.dll
0x00007ffedb8f0000 - 0x00007ffedb909000 	C:\WINDOWS\SYSTEM32\dhcpcsvc6.DLL
0x00007ffedb8d0000 - 0x00007ffedb8ef000 	C:\WINDOWS\SYSTEM32\dhcpcsvc.DLL
0x00007ffedb7f0000 - 0x00007ffedb804000 	C:\openjdk\javafx\javafx-sdk-17.0.7\bin\javafx_font.dll
0x00007ffede120000 - 0x00007ffede387000 	C:\WINDOWS\SYSTEM32\dwrite.dll

dbghelp: loaded successfully - version: 4.0.5 - missing functions: none
symbol engine: initialized successfully - sym options: 0x614 - pdb path: .;C:\openjdk\jdk-17.0.2\bin;C:\WINDOWS\SYSTEM32;C:\WINDOWS\WinSxS\amd64_microsoft.windows.common-controls_6595b64144ccf1df_6.0.22621.2070_none_2713e6537381f706;C:\openjdk\jdk-17.0.2\bin\server;C:\openjdk\javafx\javafx-sdk-17.0.7\bin;C:\Windows\System32\DriverStore\FileRepository\iigd_dch.inf_amd64_a5d0ffe42e074935;C:\Program Files\Common Files\Microsoft Shared\Ink

VM Arguments:
jvm_args: -agentlib:jdwp=transport=dt_socket,server=n,suspend=y,address=localhost:49598 --module-path=/openjdk/javafx/javafx-sdk-17.0.7/lib --add-modules=javafx.controls,javafx.fxml -XX:+ShowCodeDetailsInExceptionMessages 
java_command: org.martincorp.Interface.LoginUI
java_class_path (initial): C:\Users\theli\Documents\NetBeansProjects\neutron_mail\admin_mail\target\classes;C:\Users\theli\.m2\repository\org\openjfx\javafx-controls\17\javafx-controls-17.jar;C:\Users\theli\.m2\repository\org\openjfx\javafx-controls\17\javafx-controls-17-win.jar;C:\Users\theli\.m2\repository\org\openjfx\javafx-graphics\17\javafx-graphics-17.jar;C:\Users\theli\.m2\repository\org\openjfx\javafx-fxml\17\javafx-fxml-17.jar;C:\Users\theli\.m2\repository\org\openjfx\javafx-fxml\17\javafx-fxml-17-win.jar;C:\Users\theli\.m2\repository\org\openjfx\javafx-graphics\17\javafx-graphics-17-win.jar;C:\Users\theli\.m2\repository\org\openjfx\javafx-base\17\javafx-base-17.jar;C:\Users\theli\.m2\repository\org\openjfx\javafx-base\17\javafx-base-17-win.jar;C:\Users\theli\.m2\repository\org\openjfx\javafx-graphics\17\javafx-graphics-17-linux.jar;C:\Users\theli\.m2\repository\org\openjfx\javafx-graphics\17\javafx-graphics-17-mac.jar;C:\Users\theli\.m2\repository\com\mysql\mysql-connector-j\8.0.33\mysql-connector-j-8.0.33.jar;C:\Users\theli\.m2\repository\com\google\protobuf\protobuf-java\3.21.9\protobuf-java-3.21.9.jar;C:\Users\theli\.m2\repository\com\google\code\gson\gson\2.10.1\gson-2.10.1.jar
Launcher Type: SUN_STANDARD

[Global flags]
     intx CICompilerCount                          = 4                                         {product} {ergonomic}
     uint ConcGCThreads                            = 3                                         {product} {ergonomic}
     uint G1ConcRefinementThreads                  = 10                                        {product} {ergonomic}
   size_t G1HeapRegionSize                         = 4194304                                   {product} {ergonomic}
    uintx GCDrainStackTargetSize                   = 64                                        {product} {ergonomic}
   size_t InitialHeapSize                          = 335544320                                 {product} {ergonomic}
   size_t MarkStackSize                            = 4194304                                   {product} {ergonomic}
   size_t MaxHeapSize                              = 5339348992                                {product} {ergonomic}
   size_t MaxNewSize                               = 3200253952                                {product} {ergonomic}
   size_t MinHeapDeltaBytes                        = 4194304                                   {product} {ergonomic}
   size_t MinHeapSize                              = 8388608                                   {product} {ergonomic}
    uintx NonNMethodCodeHeapSize                   = 5839372                                {pd product} {ergonomic}
    uintx NonProfiledCodeHeapSize                  = 122909434                              {pd product} {ergonomic}
    uintx ProfiledCodeHeapSize                     = 122909434                              {pd product} {ergonomic}
    uintx ReservedCodeCacheSize                    = 251658240                              {pd product} {ergonomic}
     bool SegmentedCodeCache                       = true                                      {product} {ergonomic}
     bool ShowCodeDetailsInExceptionMessages       = true                                   {manageable} {command line}
   size_t SoftMaxHeapSize                          = 5339348992                             {manageable} {ergonomic}
     bool UseCompressedClassPointers               = true                           {product lp64_product} {ergonomic}
     bool UseCompressedOops                        = true                           {product lp64_product} {ergonomic}
     bool UseG1GC                                  = true                                      {product} {ergonomic}
     bool UseLargePagesIndividualAllocation        = false                                  {pd product} {ergonomic}

Logging:
Log output configuration:
 #0: stdout all=warning uptime,level,tags
 #1: stderr all=off uptime,level,tags

Environment Variables:
JAVA_HOME=C:\openjdk\jdk-17.0.2
PATH=C:\Program Files\Python311\Scripts\;C:\Program Files\Python311\;C:\Program Files (x86)\Razer Chroma SDK\bin;C:\Program Files\Razer Chroma SDK\bin;C:\Program Files (x86)\Razer\ChromaBroadcast\bin;C:\Program Files\Razer\ChromaBroadcast\bin;C:\Windows\system32;C:\Windows;C:\Windows\System32\Wbem;C:\Windows\System32\WindowsPowerShell\v1.0\;C:\Windows\System32\OpenSSH\;C:\Program Files\NVIDIA Corporation\NVIDIA NvDLISR;C:\Program Files\AutoFirma\AutoFirma;C:\Program Files\Microsoft VS Code\bin;C:\openjdk\jdk-17.0.2\bin;C:\Program Files (x86)\NVIDIA Corporation\PhysX\Common;C:\Program Files\Git\cmd;C:\WINDOWS\system32;C:\WINDOWS;C:\WINDOWS\System32\Wbem;C:\WINDOWS\System32\WindowsPowerShell\v1.0\;C:\WINDOWS\System32\OpenSSH\;C:\WINDOWS\system32\config\systemprofile\AppData\Local\Microsoft\WindowsApps;C:\ProgramData\chocolatey\bin;C:\Program Files\IVI Foundation\VISA\Win64\bin;C:\Program Files (x86)\IVI Foundation\VISA\WinNT\ktvisa;C:\Program Files (x86)\IVI Foundation\VISA\WinNT\bin;C:\Program Files (x86)\IVI Foundation\VISA\WinNT\Bin\;C:\Program Files\IVI Foundation\VISA\Win64\Bin\;C:\Program Files (x86)\IVI Foundation\VISA\winnt\agvisa;C:\Program Files\MongoDB\Server\6.0\bin;C:\Program Files\dotnet\;C:\Program Files (x86)\dotnet\;C:\openjdk\maven\maven-3.9.1\bin;C:\Program Files\Git\bin;C:\Program Files\gsudo\Current;C:\Users\theli\AppData\Local\Microsoft\WindowsApps;C:\Users\theli\AppData\Local\GitHubDesktop\bin;C:\Users\theli\AppData\Roaming\Python\Python311\Scripts\;C:\Users\theli\.dotnet\tools
USERNAME=theli
LANG=en_US.UTF-8
OS=Windows_NT
PROCESSOR_IDENTIFIER=Intel64 Family 6 Model 158 Stepping 10, GenuineIntel



---------------  S Y S T E M  ---------------

OS:
 Windows 11 , 64 bit Build 22621 (10.0.22621.2070)
OS uptime: 3 days 4:01 hours

CPU: total 12 (initial active 12) (6 cores per cpu, 2 threads per core) family 6 model 158 stepping 10 microcode 0xde, cx8, cmov, fxsr, ht, mmx, 3dnowpref, sse, sse2, sse3, ssse3, sse4.1, sse4.2, popcnt, lzcnt, tsc, tscinvbit, avx, avx2, aes, erms, clmul, bmi1, bmi2, adx, fma, vzeroupper, clflush, clflushopt

Memory: 4k page, system-wide physical 20353M (10262M free)
TotalPageFile size 26753M (AvailPageFile size 12057M)
current process WorkingSet (physical memory assigned to process): 257M, peak: 283M
current process commit charge ("private bytes"): 321M, peak: 505M

vm_info: OpenJDK 64-Bit Server VM (17.0.2+8-86) for windows-amd64 JRE (17.0.2+8-86), built on Dec  7 2021 21:49:10 by "mach5one" with MS VC++ 16.8 / 16.9 (VS2019)

END.
